<?xml version='1.0'?>
<ns2:test-suite xmlns:ns2='urn:model.allure.qatools.yandex.ru' start='1624730906970' stop='1624730916175'>
    <name>Home page tests</name>
    <title>Home page tests</title>
    <test-cases>
        <test-case start='1624730906971' status='broken' stop='1624730916171'>
            <name>On home page must be "Home" button</name>
            <title>On home page must be "Home" button</title>
            <labels>
                <label name='language' value='javascript'/>
                <label name='framework' value='wdio'/>
                <label name='thread' value='0-0'/>
            </labels>
            <parameters>
                <parameter kind='argument' name='browser' value='chrome-91.0.4472.114'/>
            </parameters>
            <steps>
                <step start='1624730906973' status='passed' stop='1624730916054'>
                    <name>POST /session/:sessionId/url</name>
                    <title>POST /session/:sessionId/url</title>
                    <attachments>
                        <attachment title='Request' source='5cdf1782-eef4-4093-ba30-4feda08eca91-attachment.json' type='application/json' size='47'/>
                    </attachments>
                    <steps/>
                </step>
                <step start='1624730916056' status='passed' stop='1624730916098'>
                    <name>POST /session/:sessionId/element</name>
                    <title>POST /session/:sessionId/element</title>
                    <attachments>
                        <attachment title='Request' source='a8a23421-0a7b-418f-b0d7-ef9925a862c7-attachment.json' type='application/json' size='84'/>
                        <attachment title='Response' source='9072b8cf-c306-4878-a013-02ecf5f47344-attachment.json' type='application/json' size='83'/>
                    </attachments>
                    <steps/>
                </step>
                <step start='1624730916106' status='passed' stop='1624730916122'>
                    <name>GET /session/:sessionId/element/48cd2868-8ac1-41f3-bf3b-845a6e5dba01/attribute/href</name>
                    <title>GET /session/:sessionId/element/48cd2868-8ac1-41f3-bf3b-845a6e5dba01/attribute/href</title>
                    <attachments>
                        <attachment title='Response' source='f032337b-8dd0-4d34-adb9-3e0933baf045-attachment.json' type='application/json' size='3'/>
                    </attachments>
                    <steps/>
                </step>
                <step start='1624730916123' status='passed' stop='1624730916141'>
                    <name>POST /session/:sessionId/element</name>
                    <title>POST /session/:sessionId/element</title>
                    <attachments>
                        <attachment title='Request' source='80c9263b-4671-4e2f-836c-be6ee0cba1e8-attachment.json' type='application/json' size='84'/>
                        <attachment title='Response' source='d0340539-0f98-4c8a-8501-1a2c2db20aec-attachment.json' type='application/json' size='83'/>
                    </attachments>
                    <steps/>
                </step>
                <step start='1624730916149' status='passed' stop='1624730916157'>
                    <name>GET /session/:sessionId/element/48cd2868-8ac1-41f3-bf3b-845a6e5dba01/attribute/href</name>
                    <title>GET /session/:sessionId/element/48cd2868-8ac1-41f3-bf3b-845a6e5dba01/attribute/href</title>
                    <attachments>
                        <attachment title='Response' source='0da0b2ae-3ace-4162-8cc1-23b98475b152-attachment.json' type='application/json' size='3'/>
                    </attachments>
                    <steps/>
                </step>
                <step start='1624730916161' status='broken' stop='1624730916171'>
                    <name>GET /session/:sessionId/screenshot</name>
                    <title>GET /session/:sessionId/screenshot</title>
                    <attachments/>
                    <steps/>
                </step>
            </steps>
            <attachments/>
            <failure>
                <message>undefined == '/'</message>
                <stack-trace>AssertionError [ERR_ASSERTION]: undefined == '/'
                    at Context.&lt;anonymous> (/Users/macbook/Study/summerBummer/ownSite/mySummerWork/Tests/onUitests/specs/home.page.test.js:10:22)
                    at processTicksAndRejections (internal/process/task_queues.js:95:5)
                    at async Context.executeAsync (/Users/macbook/Study/summerBummer/ownSite/mySummerWork/Tests/node_modules/@wdio/utils/build/shim.js:136:16)
                    at async Context.testFrameworkFnWrapper (/Users/macbook/Study/summerBummer/ownSite/mySummerWork/Tests/node_modules/@wdio/utils/build/test-framework/testFnWrapper.js:52:18)</stack-trace>
            </failure>
        </test-case>
    </test-cases>
</ns2:test-suite>